[    0.000000] Initializing cgroup subsys cpuset
[    0.000000] Initializing cgroup subsys cpu
[    0.000000] Initializing cgroup subsys cpuacct
[    0.000000] Linux version 4.4.0-83-generic (buildd@lcy01-02) (gcc version 5.4.0 20160609 (Ubuntu 5.4.0-6ubuntu1~16.04.4) ) #106-Ubuntu SMP Mon Jun 26 17:54:25 UTC 2017 (Ubuntu 4.4.0-83.106-generic 4.4.70)
[    0.000000] KERNEL supported cpus:
[    0.000000]   Intel GenuineIntel
[    0.000000]   AMD AuthenticAMD
[    0.000000]   NSC Geode by NSC
[    0.000000]   Cyrix CyrixInstead
[    0.000000]   Centaur CentaurHauls
[    0.000000]   Transmeta GenuineTMx86
[    0.000000]   Transmeta TransmetaCPU
[    0.000000]   UMC UMC UMC UMC
[    0.000000] x86/fpu: xstate_offset[2]:  576, xstate_sizes[2]:  256
[    0.000000] x86/fpu: Supporting XSAVE feature 0x01: 'x87 floating point registers'
[    0.000000] x86/fpu: Supporting XSAVE feature 0x02: 'SSE registers'
[    0.000000] x86/fpu: Supporting XSAVE feature 0x04: 'AVX registers'
[    0.000000] x86/fpu: Enabled xstate features 0x7, context size is 832 bytes, using 'standard' format.
[    0.000000] x86/fpu: Using 'lazy' FPU context switches.
[    0.000000] e820: BIOS-provided physical RAM map:
[    0.000000] BIOS-e820: [mem 0x0000000000000000-0x000000000009fbff] usable
[    0.000000] BIOS-e820: [mem 0x000000000009fc00-0x000000000009ffff] reserved
[    0.00000] BIOS-e820: [mem 0x00000000000f0000-0x00000000000fffff] reserved
[    0.000000] BIOS-e820: [mem 0x0000000000100000-0x000000003ffeffff] usable
[    0.000000] BIOS-e820: [mem 0x000000003fff0000-0x000000003ffffff] ACPI dta
[    0.000000] BIOS-e820: [mem 0x00000000fffc0000-0x00000000ffffffff] reserved
[    0.000000] NX (Execute Disable) protection: active
[    0.000000] SMBIOS 2.5 present.
[    0.000000] Hypervisor detected: KVM
[    0.000000] e820: last_pfn = 0x3fff0 max_arch_pfn = 0x1000000
[    0.000000] MTRR: Disabled
[    0.000000] x86/PAT: MTRRs disabled, skipping PAT initialization too.
[    0.000000] x86/PAT: Configuration [0-7]: WB  WT  UC- UC  WB  WT  UC- UC  
[    0.000000] CPU MTRRs all blank - virtualized system.
[    0.000000] found SMP MP-table at [mem 0x0009fff0-0x0009ffff] mapped at [c009fff0]
[    0.000000] Scanning 1 areas for low memory corruption
[    0.000000] RAMDISK: [mem 0x3635a000-0x371a4fff]
[    0.000000] ACPI: Early table checksum verification disabled
[    0.000000] ACPI: RSDP 0x00000000000E0000 000024 (v02 VBOX  )
[    0.000000] ACPI: XSDT 0x000000003FFF0030 00003C (v01 VBOX   VBOXXSDT 00000001 ASL  00000061)
[    0.000000] ACPI: FACP 0x000000003FFF00F0 0000F4 (v04 VBOX   VBOXFACP 00000001 ASL  00000061)
[    0.000000] ACPI: DSDT 0x000000003FFF0470 002118 (v01 VBOX   VBOXBIOS 00000002 INTL 20160108)
[    0.000000] ACPI: FACS 0x000000003FFF0200 000040
[    0.000000] ACPI: FACS 0x000000003FFF0200 000040
[    0.000000] ACPI: APIC 0x000000003FFF0240 00005C (v02 VBOX   VBOXAPIC 00000001 ASL  00000061)
[    0.000000] ACPI: SSDT 0x000000003FFF02A0 0001CC (v01 VBOX   VBOXCPUT 00000002 INTL 20160108)
[    0.000000] 131MB HIGHMEM available.
[    0.000000] 891MB LOWMEM available.
[    0.000000]   mapped low ram: 0 - 37bfe000
[    0.000000]   low ram: 0 - 37bfe000
[    0.000000] kvm-clock: Using msrs 4b564d01 and 4b564d00
[    0.000000] kvm-clock: cpu 0, msr 0:37bfd001, primary cpu clock
[    0.000000] kvm-clock: using sched offset of 8683858303 cycles
[    0.000000] clocksource: kvm-clock: mask: 0xffffffffffffffff max_cycles: 0x1cd42e4dffb, max_idle_ns: 881590591483 ns
[    0.000000] Zone ranges:
[    0.000000]   DMA      [mem 0x0000000000001000-0x0000000000ffffff]
[    0.000000]   Normal   [mem 0x0000000001000000-0x0000000037bfdfff]
[    0.000000]   HighMem  [mem 0x0000000037bfe000-0x000000003ffeffff]
[    0.000000] Movable zone start for each node
[    0.000000] Early memory node ranges
[    0.000000]   node   0: [mem 0x0000000000001000-0x000000000009efff]
[    0.000000]   node   0: [mem 0x0000000000100000-0x000000003ffeffff]
[    0.000000] Initmem setup node 0 [mem 0x0000000000001000-0x000000003ffeffff]
[    0.000000] Using APIC driver default
[    0.000000] ACPI: PM-Timer IO Port: 0x4008
[    0.000000] IOAPIC[0]: apic_id 2, version 17, address 0xfec00000, GSI 0-23
[    0.000000] ACPI: INT_SRC_OVR (bus 0 bus_irq 0 global_irq 2 dfl dfl)
[    0.000000] ACPI: INT_SRC_OVR (bus 0 bus_irq 9 global_irq 9 high level)
[    0.000000] Using ACPI (MADT) for SMP configuration information
[    0.000000] smpboot: Allowing 2 CPUs, 0 hotplug CPUs
[    0.000000] PM: Registered nosave memory: [mem 0x00000000-0x00000fff]
[    0.000000] PM: Registered nosave memory: [mem 0x0009f000-0x0009ffff]
[    0.000000] PM: Registered nosave memory: [mem 0x000a0000-0x000effff]
[    0.000000] PM: Registered nosave memory: [mem 0x000f0000-0x000fffff]
[    0.000000] e820: [mem 0x40000000-0xfffbffff] available for PCI devices
[    0.000000] Booting paravirtualized kernel on KVM
[    0.000000] clocksource: refined-jiffies: mask: 0xffffffff max_cycles: 0xffffffff, max_idle_ns: 7645519600211568 ns
[    0.000000] setup_percpu: NR_CPUS:8 nr_cpumask_bits:8 nr_cpu_ids:2 nr_node_ids:1
[    0.000000] PERCPU: Embedded 19 pages/cpu @f71b0000 s47436 r0 d30388 u77824
[    0.000000] PV qspinlock hash table entries: 512 (order: 0, 4096 bytes)
[    0.000000] Built 1 zonelists in Zone order, mobility grouping on.  Total pages: 259800
[    0.000000] Kernel command line: BOOT_IMAGE=/boot/vmlinuz-4.4.0-83-generic root=UUID=ac862801-9510-4755-90c6-318d13bc7e6d ro console=tty1 console=ttyS0
[    0.000000] PID hash table entries: 4096 (order: 2, 16384 bytes)
[    0.000000] Dentry cache hash table entries: 131072 (order: 7, 524288 bytes)
[    0.000000] Inode-cache hash table entries: 65536 (order: 6, 262144 bytes)
[    0.000000] Initializing CPU#0
[    0.000000] Initializing HighMem for node 0 (00037bfe:0003fff0)
[    0.000000] Initializing Movable for node 0 (00000000:00000000)
[    0.000000] Memory: 1008300K/1048120K available (7960K kernel code, 770K rwdata, 3164K rodata, 940K init, 800K bss, 39820K reserved, 0K cma-reserved, 135112K highmem)
[    0.000000] virtual kernel memory layout:
[    0.000000]     fixmap  : 0xfff15000 - 0xfffff000   ( 936 kB)
[    0.000000]     pkmap   : 0xffc00000 - 0xffe00000   (2048 kB)
[    0.000000]     vmalloc : 0xf83fe000 - 0xffbfe000   ( 120 MB)
[    0.000000]     lowmem  : 0xc0000000 - 0xf7bfe000   ( 891 MB)
[    0.000000]       .init : 0xc1ba1000 - 0xc1c8c000   ( 940 kB)
[    0.000000]       .data : 0xc17c63cb - 0xc1b9fb40   (3941 kB)
[    0.000000]       .text : 0xc1000000 - 0xc17c63cb   (7960 kB)
[    0.000000] Checking if this processor honours the WP bit even in supervisor mode...Ok.
[    0.000000] SLUB: HWalign=64, Order=0-3, MinObjects=0, CPUs=2, Nodes=1
[    0.000000] Hierarchical RCU implementation.
[    0.000000] 	Build-time adjustment of leaf fanout to 32.
[    0.000000] 	RCU restricting CPUs from NR_CPUS=8 to nr_cpu_ids=2.
[    0.000000] RCU: Adjusting geometry for rcu_fanout_leaf=32, nr_cpu_ids=2
[    0.000000] NR_IRQS:2304 nr_irqs:440 16
[    0.000000] Console: colour VGA+ 80x25
[    0.000000] console [tty1] enabled
[    0.000000] console [ttyS0] enabled
[    0.000000] allocated 1048576 bytes of page_ext
[    0.000000] tsc: Detected 1810.347 MHz processor
[    2.367513] Calibrating delay loop (skipped) preset value.. 3620.69 BogoMIPS (lpj=7241388)
[    2.374080] pid_max: default: 32768 minimum: 301
[    2.377543] ACPI: Core revision 20150930
[    2.383095] ACPI: 2 ACPI AML tables successfully acquired and loaded
[    2.390138] Security Framework initialized
[    2.393176] Yama: becoming mindful.
[    2.395952] AppArmor: AppArmor initialized
[    2.402207] Mount-cache hash table entries: 2048 (order: 1, 8192 bytes)
[    2.407152] Mountpoint-cache hash table entries: 2048 (order: 1, 8192 bytes)
[    2.415936] Initializing cgroup subsys io
[    2.477808] Initializing cgroup subsys memory
[    2.502766] Initializing cgroup subsys devices
[    2.505472] Initializing cgroup subsys freezer
[    2.508182] Initializing cgroup subsys net_cls
[    2.514933] Initializing cgroup subsys perf_event
[    2.521726] Initializing cgroup subsys net_prio
[    2.525301] Initializing cgroup subsys hugetlb
[    2.533018] Initializing cgroup subsys pids
[    2.540825] CPU: Physical Processor ID: 0
[    2.543949] CPU: Processor Core ID: 0
[    2.549795] mce: CPU supports 0 MCE banks
[    2.556167] Last level iTLB entries: 4KB 512, 2MB 8, 4MB 8
[    2.561287] Last level dTLB entries: 4KB 512, 2MB 32, 4MB 32, 1GB 0
[    2.596414] Freeing SMP alternatives memory: 28K (c1c8c000 - c1c93000)
[    2.625296] ftrace: allocating 31411 entries in 62 pages
[    2.745260] smpboot: APIC(0) Converting physical 0 to logical package 0
[    2.756270] smpboot: Max logical packages: 1
[    2.767677] Enabling APIC mode:  Flat.  Using 1 I/O APICs
[    2.781261] ..TIMER: vector=0x30 apic1=0 pin1=2 apic2=-1 pin2=-1
[    2.895409] APIC calibration not consistent with PM-Timer: 98ms instead of 100ms
[    2.904539] APIC delta adjusted to PM-Timer: 6249585 (6157104)
[    2.937214] smpboot: CPU0: Intel(R) Core(TM) i3-3217U CPU @ 1.80GHz (family: 0x6, model: 0x3a, stepping: 0x9)
[    2.969609] Performance Events: unsupported p6 CPU model 58 no PMU driver, software events only.
[    2.998784] KVM setup paravirtual spinlock
[    3.004604] x86: Booting SMP configuration:
[    3.018293] .... node  #0, CPUs:      #1
[1266874881.025693] Initializing CPU#1
[    3.039506] kvm-clock: cpu 1, msr 0:37bfd041, secondary cpu clock
[    3.044873] mce: CPU supports 0 MCE banks
[    3.049325] x86: Booted up 1 node, 2 CPUs
[    3.059182] smpboot: Total of 2 processors activated (7241.38 BogoMIPS)
[    3.065599] devtmpfs: initialized
[    3.068656] evm: security.selinux
[    3.071271] evm: security.SMACK64
[    3.072815] evm: security.SMACK64EXEC
[    3.079730] evm: security.SMACK64TRANSMUTE
[    3.081530] evm: security.SMACK64MMAP
[    3.088536] evm: security.ima
[    3.096380] evm: security.capability
[    3.100131] clocksource: jiffies: mask: 0xffffffff max_cycles: 0xffffffff, max_idle_ns: 7645041785100000 ns
[    3.118572] futex hash table entries: 512 (order: 3, 32768 bytes)
[    3.123623] pinctrl core: initialized pinctrl subsystem
[    3.131601] RTC time: 13:10:43, date: 07/06/17
[    3.140786] NET: Registered protocol family 16
[    3.144689] EISA bus registered
[    3.159070] cpuidle: using governor ladder
[    3.183053] cpuidle: using governor menu
[    3.187436] PCCT header not found.
[    3.199867] ACPI: bus type PCI registered
[    3.202706] acpiphp: ACPI Hot Plug PCI Controller Driver version: 0.5
[    3.217501] PCI : PCI BIOS area is rw and x. Use pci=nobios if you want it NX.
[    3.232019] PCI: PCI BIOS revision 2.10 entry at 0xfda26, last bus=0
[    3.261390] PCI: Using configuration type 1 for base access
[    3.280556] ACPI: Added _OSI(Module Device)
[    3.287799] ACPI: Added _OSI(Processor Device)
[    3.291221] ACPI: Added _OSI(3.0 _SCP Extensions)
[    3.296410] ACPI: Added _OSI(Processor Aggregator Device)
[    3.308795] ACPI: Executed 1 blocks of module-level executable AML code
[    3.341415] ACPI: Interpreter enabled
[    3.361976] ACPI: (supports S0 S5)
[    3.366284] ACPI: Using IOAPIC for interrupt routing
[    3.379498] PCI: Using host bridge windows from ACPI; if necessary, use "pci=nocrs" and report a bug
[    3.414162] ACPI: PCI Root Bridge [PCI0] (domain 0000 [bus 00-ff])
[    3.458222] acpi PNP0A03:00: _OSC: OS supports [ASPM ClockPM Segments MSI]
[    3.466961] acpi PNP0A03:00: _OSC failed (AE_NOT_FOUND); disabling ASPM
[    3.477266] acpi PNP0A03:00: fail to add MMCONFIG information, can't access extended PCI configuration space under this bridge.
[    3.485855] PCI host bridge to bus 0000:00
[    3.488987] pci_bus 0000:00: root bus resource [io  0x0000-0x0cf7 window]
[    3.493685] pci_bus 0000:00: root bus resource [io  0x0d00-0xffff window]
[    3.498726] pci_bus 0000:00: root bus resource [mem 0x000a0000-0x000bffff window]
[    3.504860] pci_bus 0000:00: root bus resource [mem 0x40000000-0xffdfffff window]
[    3.510765] pci_bus 0000:00: root bus resource [bus 00-ff]
[    3.518785] pci 0000:00:01.1: legacy IDE quirk: reg 0x10: [io  0x01f0-0x01f7]
[    3.524040] pci 0000:00:01.1: legacy IDE quirk: reg 0x14: [io  0x03f6]
[    3.528608] pci 0000:00:01.1: legacy IDE quirk: reg 0x18: [io  0x0170-0x0177]
[    3.533557] pci 0000:00:01.1: legacy IDE quirk: reg 0x1c: [io  0x0376]
[    3.600559] ACPI: PCI Interrupt Link [LNKA] (IRQs 5 9 10 11) *0, disabled.
[    3.608316] ACPI: PCI Interrupt Link [LNKB] (IRQs 5 9 10 *11)
[    3.614345] ACPI: PCI Interrupt Link [LNKC] (IRQs 5 9 *10 11)
[    3.620085] ACPI: PCI Interrupt Link [LNKD] (IRQs 5 *9 10 11)
[    3.626334] ACPI: Enabled 2 GPEs in block 00 to 07
[    3.636579] vgaarb: setting as boot device: PCI:0000:00:02.0
[    3.655181] vgaarb: device added: PCI:0000:00:02.0,decodes=io+mem,owns=io+mem,locks=none
[    3.659655] vgaarb: loaded
[    3.662082] vgaarb: bridge control possible 0000:00:02.0
[    3.665036] SCSI subsystem initialized
[    3.674117] ACPI: bus type USB registered
[    3.691885] usbcore: registered new interface driver usbfs
[    3.699800] usbcore: registered new interface driver hub
[    3.715167] usbcore: registered new device driver usb
[    3.722466] PCI: Using ACPI for IRQ routing
[    3.733155] NetLabel: Initializing
[    3.740438] NetLabel:  domain hash size = 128
[    3.779840] NetLabel:  protocols = UNLABELED CIPSOv4
[    3.799514] NetLabel:  unlabeled traffic allowed by default
[    3.804032] amd_nb: Cannot enumerate AMD northbridges
[    3.842655] clocksource: Switched to clocksource kvm-clock
[    3.867366] AppArmor: AppArmor Filesystem Enabled
[    3.871197] pnp: PnP ACPI init
[    3.875736] pnp: PnP ACPI: found 3 devices
[    3.878941] PnPBIOS: Disabled by ACPI PNP
[    3.933447] clocksource: acpi_pm: mask: 0xffffff max_cycles: 0xffffff, max_idle_ns: 2085701024 ns
[   3.937587] NET: Registered protocol family 2

[    3.987370] TCP established hash table entries: 8192 (order: 3, 32768 bytes)
[   .93309] TCP bind hash table entries: 8192 (order: 4, 65536 bytes)
[   4.133818] TCP: Hash tables configured (established 8192 bind 8192)
[   4.184774] UDP hash table entries: 512 (order: 2, 16384 bytes)
[    4.276539] UDP-Lite hash table entries: 512 (order: 2, 16384 bytes)
[   .2901]NE: egstred protocol family 1
[    4.691668] pci 0000:00:00.0: Limiting direct PCI/PCI transfers
[   .64161pc 0000:00:01.0: Activating ISA DMA hang workarounds
[   97177] Unpacking initramfs...

[    5.636277] Freeing initrd memory: 14636K (f635a000 - f71a5000)
[    5.641027] RAPL PMU detected, API unit is 2^-32 Joules, 3 fixed counters 10737418240 ms ovfl timer
[    5.664410] hw unit of domain pp0-core 2^-0 Joules
[    5.672372] hw unit of domain package 2^-0 Joules
[    5.772545] hw unit of domain pp1-gpu 2^-0 Joules
[    5.831991] platform rtc_cmos: registered platform RTC device (no PNP device found)
[    5.960983] Scanning for low memory corruption every 60 seconds
[    5.982056] audit: initializing netlink subsys (disabled)
[    6.032844] audit: type=2000 audit(1499346653.839:1): initialized
[    6.070053] Initialise system trusted keyring
[    6.073594] HugeTLB registered 2 MB page size, pre-allocated 0 pages
[    6.153656] zbud: loaded
[    6.189345] VFS: Disk quotas dquot_6.6.0
[    6.196110] VFS: Dquot-cache hash table entries: 1024 (order 0, 4096 bytes)
[    6.201879] squashfs: version 4.0 (2009/01/31) Phillip Lougher
[    6.207970] fuse init (API version 7.23)
[    6.212298] Key type big_key registered
[    6.215336] Allocating IMA MOK and blacklist keyrings.
[    6.239832] Key type asymmetric registered
[    6.293080] Asymmetric key parser 'x509' registered
[    6.319491] bounce: pool size: 64 pages
[    6.341197] Block layer SCSI generic (bsg) driver version 0.4 loaded (major 249)
[    6.368305] io scheduler noop registered
[    6.407402] io scheduler deadline registered (default)
[    6.420804] io scheduler cfq registered
[    6.429432] pci_hotplug: PCI Hot Plug PCI Core version: 0.5
[    6.438710] pciehp: PCI Express Hot Plug Controller Driver version: 0.4
[    6.453132] ACPI: AC Adapter [AC] (on-line)
[    6.465495] input: Power Button as /devices/LNXSYSTM:00/LNXPWRBN:00/input/input0
[    6.473733] ACPI: Power Button [PWRF]
[    6.477611] input: Sleep Button as /devices/LNXSYSTM:00/LNXSLPBN:00/input/input1
[    6.498649] ACPI: Sleep Button [SLPF]
[    6.509535] ACPI: Battery Slot [BAT0] (battery present)
[    6.512351] GHES: HEST is not enabled!
[    6.524096] isapnp: Scanning for PnP cards...
[    6.543311] Serial: 8250/16550 driver, 32 ports, IRQ sharing enabled
[    6.593002] 00:02: ttyS0 at I/O 0x3f8 (irq = 4, base_baud = 115200) is a 16550A
[    6.617648] Linux agpgart interface v0.103
[    6.624725] loop: module loaded
[    6.628221] scsi host0: ata_piix
[    6.630729] scsi host1: ata_piix
[    6.634673] ata1: PATA max UDMA/33 cmd 0x1f0 ctl 0x3f6 bmdma 0xd000 irq 14
[    6.639728] ata2: PATA max UDMA/33 cmd 0x170 ctl 0x376 bmdma 0xd008 irq 15
[    6.644523] libphy: Fixed MDIO Bus: probed
[    6.647236] tun: Universal TUN/TAP device driver, 1.6
[    6.650683] tun: (C) 1999-2004 Max Krasnyansky <maxk@qualcomm.com>
[    6.654599] PPP generic driver version 2.4.2
[    6.657486] ehci_hcd: USB 2.0 'Enhanced' Host Controller (EHCI) Driver
[    6.661459] ehci-pci: EHCI PCI platform driver
[    6.664353] ehci-platform: EHCI generic platform driver
[    6.667638] ohci_hcd: USB 1.1 'Open' Host Controller (OHCI) Driver
[    6.671250] ohci-pci: OHCI PCI platform driver
[    6.674451] ohci-platform: OHCI generic platform driver
[    6.678265] uhci_hcd: USB Universal Host Controller Interface driver
[    6.683057] i8042: PNP: PS/2 Controller [PNP0303:PS2K,PNP0f03:PS2M] at 0x60,0x64 irq 1,12
[    6.689544] serio: i8042 KBD port at 0x60,0x64 irq 1
[    6.692790] serio: i8042 AUX port at 0x60,0x64 irq 12
[    6.696315] mousedev: PS/2 mouse device common for all mice
[    6.700734] input: AT Translated Set 2 keyboard as /devices/platform/i8042/serio0/input/input2
[    6.707054] rtc_cmos rtc_cmos: rtc core: registered rtc_cmos as rtc0
[    6.712575] rtc_cmos rtc_cmos: alarms up to one day, 114 bytes nvram
[    6.716460] i2c /dev entries driver
[    6.718977] device-mapper: uevent: version 1.0.3
[    6.722200] device-mapper: ioctl: 4.34.0-ioctl (2015-10-28) initialised: dm-devel@redhat.com
[    6.734034] platform eisa.0: Probing EISA bus 0
[    6.739552] platform eisa.0: EISA: Cannot allocate resource for mainboard
[    6.743474] platform eisa.0: Cannot allocate resource for EISA slot 1
[    6.747521] platform eisa.0: Cannot allocate resource for EISA slot 2
[    6.751462] platform eisa.0: Cannot allocate resource for EISA slot 3
[    6.755767] platform eisa.0: Cannot allocate resource for EISA slot 4
[    6.759657] platform eisa.0: Cannot allocate resource for EISA slot 5
[    6.763660] platform eisa.0: Cannot allocate resource for EISA slot 6
[    6.767475] platform eisa.0: Cannot allocate resource for EISA slot 7
[    6.772054] platform eisa.0: Cannot allocate resource for EISA slot 8
[    6.776117] platform eisa.0: EISA: Detected 0 cards
[    6.779313] cpufreq-nforce2: No nForce2 chipset.
[    6.782277] ledtrig-cpu: registered to indicate activity on CPUs
[    6.786657] NET: Registered protocol family 10
[    6.789990] NET: Registered protocol family 17
[    6.793248] Key type dns_resolver registered
[    6.803880] microcode: CPU0 sig=0x306a9, pf=0x2, revision=0x19
[    6.808650] microcode: CPU1 sig=0x306a9, pf=0x2, revision=0x19
[    6.813183] microcode: Microcode Update Driver: v2.01 <tigran@aivazian.fsnet.co.uk>, Peter Oruba
[    6.820318] Using IPI No-Shortcut mode
[    6.823542] registered taskstats version 1
[    6.827501] Loading compiled-in X.509 certificates
[    6.837139] Loaded X.509 cert 'Build time autogenerated kernel key: 00b6515aa8253425ed3658068d9ee7caac75ba9a'
[    6.844837] zswap: loaded using pool lzo/zbud
[    6.853751] Key type trusted registered
[    6.865904] Key type encrypted registered
[    6.869423] AppArmor: AppArmor sha1 policy hashing enabled
[    6.869857] tsc: Refined TSC clocksource calibration: 1797.134 MHz
[    6.869862] clocksource: tsc: mask: 0xffffffffffffffff max_cycles: 0x19e79623db3, max_idle_ns: 440795240362 ns
[    6.885878] ima: No TPM chip found, activating TPM-bypass!
[    6.890150] evm: HMAC attrs: 0x1
[    6.893598]   Magic number: 9:450:179
[    6.896840] rtc_cmos rtc_cmos: setting system clock to 2017-07-06 13:10:47 UTC (1499346647)
[    6.903595] BIOS EDD facility v0.16 2004-Jun-25, 0 devices found
[    6.907941] EDD information not available.
[    6.919850] isapnp: No Plug & Play device found
[    6.940229] Freeing unused kernel memory: 940K (c1ba1000 - c1c8c000)
[    6.950077] Write protecting the kernel text: 7964k
[    6.994130] Write protecting the kernel read-only data: 3168k
[    7.004003] NX-protecting the kernel data: 6372k
Loading, please wait...
starting version[    7.067721] random: udevadm: uninitialized urandom read (16 bytes read, 2 bits of entropy available)
 229
[    7.068058] random: systemd-udevd: uninitialized urandom read (16 bytes read, 2 bits of entropy available)
[    7.068329] random: systemd-udevd: uninitialized urandom read (16 bytes read, 2 bits of entropy available)
[    7.068389] random: systemd-udevd: uninitialized urandom read (16 bytes read, 2 bits of entropy available)
[    7.152469] random: udevadm: uninitialized urandom read (16 bytes read, 2 bits of entropy available)
[    7.192058] random: udevadm: uninitialized urandom read (16 bytes read, 2 bits of entropy available)
[    7.201516] random: udevadm: uninitialized urandom read (16 bytes read, 2 bits of entropy available)
[    7.209625] random: udevadm: uninitialized urandom read (16 bytes read, 2 bits of entropy available)
[    7.217602] random: udevadm: uninitialized urandom read (16 bytes read, 2 bits of entropy available)
[    7.229148] random: udevadm: uninitialized urandom read (16 bytes read, 2 bits of entropy available)
[    7.327689] e1000: Intel(R) PRO/1000 Network Driver - version 7.3.21-k8-NAPI
[    7.343849] e1000: Copyright (c) 1999-2006 Intel Corporation.
[    7.365631] Fusion MPT base driver 3.04.20
[    7.396351] Copyright (c) 1999-2008 LSI Corporation
[    7.473288] Fusion MPT SPI Host driver 3.04.20
[    7.563122] input: ImExPS/2 Generic Explorer Mouse as /devices/platform/i8042/serio1/input/input4
[    7.905637] e1000 0000:00:03.0 eth0: (PCI:33MHz:32-bit) 02:3e:d3:d5:ac:89
[    7.967579] e1000 0000:00:03.0 eth0: Intel(R) PRO/1000 Network Connection
[    7.977928] e1000 0000:00:03.0 enp0s3: renamed from eth0
[    7.989568] mptbase: ioc0: Initiating bringup
[    8.211698] ioc0: LSI53C1030 A0: Capabilities={Initiator}
[    9.967464] scsi host2: ioc0: LSI53C1030 A0, FwRev=00000000h, Ports=1, MaxQ=256, IRQ=20
[   10.431359] floppy0: no floppy controllers found
[   10.431565] scsi 2:0:0:0: Direct-Access     VBOX     HARDDISK         1.0  PQ: 0 ANSI: 5
[   10.431577] scsi target2:0:0: Beginning Domain Validation
[   10.433736] scsi target2:0:0: Domain Validation skipping write tests
[   10.433739] scsi target2:0:0: Ending Domain Validation
[   10.433859] scsi target2:0:0: asynchronous
[   10.434670] scsi 2:0:1:0: Direct-Access     VBOX     HARDDISK         1.0  PQ: 0 ANSI: 5
[   10.434680] scsi target2:0:1: Beginning Domain Validation
[   10.436766] scsi target2:0:1: Domain Validation skipping write tests
[   10.436768] scsi target2:0:1: Ending Domain Validation
[   10.436878] scsi target2:0:1: asynchronous
[   10.452422] sd 2:0:0:0: [sda] 20971520 512-byte logical blocks: (10.7 GB/10.0 GiB)
[   10.452740] sd 2:0:0:0: [sda] Write Protect is off
[   10.452955] sd 2:0:0:0: [sda] Incomplete mode parameter data
[   10.452957] sd 2:0:0:0: [sda] Assuming drive cache: write through
[   10.453373] sd 2:0:0:0: Attached scsi generic sg0 type 0
[   10.454014] sd 2:0:1:0: [sdb] 20480 512-byte logical blocks: (10.5 MB/10.0 MiB)
[   10.454305] sd 2:0:1:0: [sdb] Write Protect is off
[   10.454555] sd 2:0:1:0: [sdb] Incomplete mode parameter data
[   10.454557] sd 2:0:1:0: [sdb] Assuming drive cache: write through
[   10.454960] sd 2:0:1:0: Attached scsi generic sg1 type 0
[   10.496094]  sda: sda1
[   10.497456] sd 2:0:0:0: [sda] Attached SCSI disk
[   10.713860] sd 2:0:1:0: [sdb] Attached SCSI disk
Begin: Loading essential drivers[   13.240997] md: linear personality registered for level -1
 ... [   13.272332] md: multipath personality registered for level -4
[   13.323137] md: raid0 personality registered for level 0
[   13.389010] md: raid1 personality registered for level 1
[   13.474471] raid6: mmxx1    gen()  2983 MB/s
[   13.546519] raid6: mmxx2    gen()  2712 MB/s
[   13.622496] raid6: sse1x1   gen()  1794 MB/s
[   13.694475] raid6: sse1x2   gen()  3033 MB/s
[   13.766455] raid6: sse2x1   gen()  4811 MB/s
[   13.838494] raid6: sse2x1   xor()  3838 MB/s
[   13.910465] raid6: sse2x2   gen()  6269 MB/s
[   13.982496] raid6: sse2x2   xor()  4228 MB/s
[   13.992928] raid6: using algorithm sse2x2 gen() 6269 MB/s
[   13.995089] raid6: .... xor() 4228 MB/s, rmw enabled
[   14.017064] raid6: using ssse3x1 recovery algorithm
[   14.030374] xor: automatically using best checksumming function:
[   14.078437]    avx       : 10141.000 MB/sec
[   14.094959] async_tx: api initialized (async)
[   14.138056] md: raid6 personality registered for level 6
[   14.159003] md: raid5 personality registered for level 5
[   14.161030] md: raid4 personality registered for level 4
[   14.204177] md: raid10 personality registered for level 10
done.
Begin: Running /scripts/init-premount ... done.
Begin: Mounting root file system ... Begin: Running /scripts/local-top ... done.
Begin: Running /scripts/local-premount ... [   14.284901] Btrfs loaded
Scanning for Btrfs filesystems
done.
Warning: fsck no[   14.491762] EXT4-fs (sda1): INFO: recovery required on readonly filesystem
t present, so skipping root file system
[   14.536641] EXT4-fs (sda1): write access will be enabled during recovery
[   14.611021] random: nonblocking pool is initialized
[   14.971937] EXT4-fs (sda1): recovery complete
[   14.976135] EXT4-fs (sda1): mounted filesystem with ordered data mode. Opts: (null)
done.
Begin: Running /scripts/local-bottom ... done.
Begin: Running /scripts/init-bottom ... done.
[   16.801294] systemd[1]: systemd 229 running in system mode. (+PAM +AUDIT +SELINUX +IMA +APPARMOR +SMACK +SYSVINIT +UTMP +LIBCRYPTSETUP +GCRYPT +GNUTLS +ACL +XZ -LZ4 +SECCOMP +BLKID +ELFUTILS +KMOD -IDN)
[   16.942284] systemd[1]: Detected virtualization oracle.
[   17.155522] systemd[1]: Detected architecture x86.

Welcome to [1mUbuntu 16.04.2 LTS[0m!

[   17.243577] systemd[1]: Set hostname to <ubuntu-xenial>.
[   18.631109] systemd[1]: Listening on Journal Audit Socket.
[[0;32m  OK  [0m] Listening on Journal Audit Socket.
[   18.718089] systemd[1]: Started Trigger resolvconf update for networkd DNS.
[[0;32m  OK  [0m] Started Trigger resolvconf update for networkd DNS.
[   18.768489] systemd[1]: Listening on LVM2 poll daemon socket.
[[0;32m  OK  [0m] Listening on LVM2 poll daemon socket.
[   18.885271] systemd[1]: Listening on udev Control Socket.
[[0;32m  OK  [0m] Listening on udev Control Socket.
[   18.895762] systemd[1]: Listening on udev Kernel Socket.
[[0;32m  OK  [0m] Listening on udev Kernel Socket.
[   18.900216] systemd[1]: Reached target Swap.
[[0;32m  OK  [0m] Reached target Swap.
[   18.904946] systemd[1]: Started Forward Password Requests to Wall Directory Watch.
[[0;32m  OK  [0m] Started Forward Password Requests to Wall Directory Watch.
[   18.916867] systemd[1]: Listening on Journal Socket (/dev/log).
[[0;32m  OK  [0m] Listening on Journal Socket (/dev/log).
[   18.922717] systemd[1]: Listening on Device-mapper event daemon FIFOs.
[[0;32m  OK  [0m] Listening on Device-mapper event daemon FIFOs.
[   18.978090] systemd[1]: Created slice System Slice.
[[0;32m  OK  [0m] Created slice System Slice.
[   18.987454] systemd[1]: Created slice system-postgresql.slice.
[[0;32m  OK  [0m] Created slice system-postgresql.slice.
[   19.011710] systemd[1]: Created slice system-serial\x2dgetty.slice.
[[0;32m  OK  [0m] Created slice system-serial\x2dgetty.slice.
[   19.060890] systemd[1]: Listening on LVM2 metadata daemon socket.
[[0;32m  OK  [0m] Listening on LVM2 metadata daemon socket.
[   19.081989] systemd[1]: Listening on Journal Socket.
[[0;32m  OK  [0m] Listening on Journal Socket.
[   19.112628] systemd[1]: Starting Uncomplicated firewall...
         Starting Uncomplicated firewall...
[   19.200403] systemd[1]: Mounting Huge Pages File System...
         Mounting Huge Pages File System...
[   19.218731] systemd[1]: Starting Remount Root and Kernel File Systems...
         Starting Remount Root and Kernel File Systems...
[   19.231659] systemd[1]: Starting Create list of required static device nodes for the current kernel...
         Starting Create list of required st... nodes for the current kernel...
[   19.318860] systemd[1]: Starting Load Kernel Modules...
         Starting Load Kernel Modules...
[   19.337558] systemd[1]: Starting Monitoring of LVM2 mirrors, snapshots etc. using dmeventd or progress polling...
         Starting Monitoring of LVM2 mirrors... dmeventd or progress polling...
[   19.360549] systemd[1]: Listening on /dev/initctl Compatibility Named Pipe.
[[0;32m  OK  [0m] Listening on /dev/initctl Compatibility Named Pipe.
[   19.373813] systemd[1]: Set up automount Arbitrary Executable File Formats File System Automount Point.
[[0;32m  OK  [0m] Set up automount Arbitrary Executab...ats File System Automount Point.
[   19.400577] systemd[1]: Listening on Syslog Socket.
[[0;32m  OK  [0m] Listening on Syslog Socket.[   19.426362] EXT4-fs (sda1): re-mounted. Opts: (null)

[   19.491625] systemd[1]: Mounting POSIX Message Queue File System...
         Mounting POSIX Message Queue File System...
[   19.522910] systemd[1]: Reached target User and Group Name Lookups.
[[0;32m  OK  [0m] Reached target User and Group Name Lookups.
[   19.546941] systemd[1]: Starting Journal Service...
         Starting Journal Service...
[   19.567383] systemd[1]: Reached target Encrypted Volumes.
[[0;32m  OK  [0m] Reached target Encrypted Volumes.
[   19.616213] Loading iSCSI transport class v2.0-870.
[   19.627210] systemd[1]: Starting Set console keymap...
         Starting Set console keymap...
[   19.680845] systemd[1]: Mounting Debug File System...
         Mounting Debug File System...
[   19.692326] systemd[1]: Created slice User and Session Slice.
[[0;32m  OK  [0m] Created slice User and Session Slice.
[   19.741565] systemd[1]: Reached target Slices.
[[0;32m  OK  [0m] Reached target Slices.
[   19.786724] systemd[1]: Starting Nameserver information manager...
         Starting Nameserver information manager...
[   19.808964] systemd[1]: Mounted Debug File System.
[[0;32m  OK  [0m] Mounted Debug File System.
[   19.868587] systemd[1]: Mounted Huge Pages File System.
[[0;32m  OK  [0[   19.873400] iscsi: registered transport (tcp)
m] Mounted Huge Pages File System.
[   19.877886] systemd[1]: Mounted POSIX Message Queue File System.
[[0;32m  OK  [0m] Mounted POSIX Message Queue File System.
[   19.900246] systemd[1]: Started Uncomplicated firewall.
[[0;32m  OK  [0m] Started Uncomplicated firewall.
[   19.911059] systemd[1]: Started Remount Root and Kernel File Systems.
[[0;32m  OK  [0m] Started Remount Root and Kernel File Systems.
[   19.923779] systemd[1]: Started Create list of required static device nodes for the current kernel.
[[0;32m  OK  [0m] Started Create list of required sta...ce nodes for the current kernel.
[   20.011329] systemd[1]: Started Nameserver information manager.
[[0;32m  OK  [0m] Started Nameserver information manager.
[   20.100748] systemd[1]: Started Set console keymap.
[[0;32m  OK  [0m] Started Set console keymap.
[   20.143203] systemd[1]: Started Journal Service.
[[0;32m  OK  [0m] Started Journal Service.
[[0;32m  OK  [0m] Started LVM2 metadata daemon.
         Starting Create Static Device Nodes in /dev...
         Starting Initial cloud-init job (pre-networking)...
         Starting Flush Journal to Persistent Storage...
         Starting Load/Save Random Seed...
         Starting udev Coldplug all Devices...
[[0;32m  OK  [0m] Started Load/Save Random Seed.
[   20.624495] systemd-journald[385]: Received request to flush runtime journal from PID 1
[[0;32m  OK  [0m[   20.654991] iscsi: registered transport (iser)
] Started udev Coldplug all Devices.
[[0;32m  OK  [0m] Started Flush Journal to Persistent Storage.
[[0;32m  OK  [0m] Started Load Kernel Modules.
         Starting Apply Kernel Variables...
         Mounting FUSE Control File System...
[[0;32m  OK  [0m] Mounted FUSE Control File System.
[[0;32m  OK  [0m] Started Monitoring of LVM2 mirrors,...ng dmeventd or progress polling.
[[0;32m  OK  [0m] Started Create Static Device Nodes in /dev.
         Starting udev Kernel Device Manager...
[[0;32m  OK  [0m] Started Apply Kernel Variables.
[[0;32m  OK  [0m] Started udev Kernel Device Manager.
[[0;32m  OK  [0m] Reached target Local File Systems (Pre).
[[0;32m  OK  [0m] Reached target Local File Systems.
         Starting Set console font and keymap...
         Starting Tell Plymouth To Write Out Runtime Data...
         Starting Create Volatile Files and Directories...
         Starting LSB: AppArmor initialization...
[[0;32m  OK  [0m] Started Dispatch Password Requests to Console Directory Watch.
[[0;32m  OK  [0m] Started Tell Plymouth To Write Out Runtime Data.
[[0;32m  OK  [0m] Started Create Volatile Files and Directories.
         Starting Update UTMP about System Boot/Shutdown...
[[0;32m  OK  [0m] Reached target System Time Synchronized.
[[0;32m  OK  [0m] Started Update UTMP about System Boot/Shutdown.
[[0;32m  OK  [0m] Found device /dev/ttyS0.
[[0;32m  OK  [0m] Found device 82540EM Gigabit Ethern...r (PRO/1000 MT Desktop Adapter).
[[0;32m  OK  [0m] Started Set console font and keymap.
[[0;32m  OK  [0m] Created slice system-getty.slice.
[[0;32m  OK  [0m] Started LSB: AppArmor initialization.
[[0;32m  OK  [0m] Listening on Load/Save RF Kill Switch Status /dev/rfkill Watch.
[   25.755576] cloud-init[424]: Cloud-init v. 0.7.9 running 'init-local' at Thu, 06 Jul 2017 13:11:08 +0000. Up 24.49 seconds.
[[0;32m  OK  [0m] Started Initial cloud-init job (pre-networking).
[[0;32m  OK  [0m] Reached target Network (Pre).
         Starting Raise network interfaces...
[[0;32m  OK  [0m] Started ifup for enp0s3.
[[0;32m  OK  [0m] Started Raise network interfaces.
[[0;32m  OK  [0m] Reached target Network.
         Starting Initial cloud-init job (metadata service crawler)...
[   30.078442] cloud-init[953]: Cloud-init v. 0.7.9 running 'init' at Thu, 06 Jul 2017 13:11:12 +0000. Up 28.33 seconds.
[   30.188922] cloud-init[953]: ci-info: +++++++++++++++++++++++++++++++++++++Net device info++++++++++++++++++++++++++++++++++++++
[   30.208770] cloud-init[953]: ci-info: +--------+------+----------------------------+---------------+-------+-------------------+
[   30.228373] cloud-init[953]: ci-info: | Device |  Up  |          Address           |      Mask     | Scope |     Hw-Address    |
[   30.244194] cloud-init[953]: ci-info: +--------+------+----------------------------+---------------+-------+-------------------+
[   30.268125] cloud-init[953]: ci-info: |   lo   | True |         127.0.0.1          |   255.0.0.0   |   .   |         .         |
[   30.275909] cloud-init[953]: ci-info: |   lo   | True |          ::1/128           |       .       |  host |         .         |
[   30.282846] cloud-init[953]: ci-info: | enp0s3 | True |         10.0.2.15          | 255.255.255.0 |   .   | 02:3e:d3:d5:ac:89 |
[   30.289656] cloud-init[953]: ci-info: | enp0s3 | True | fe80::3e:d3ff:fed5:ac89/64 |       .       |  link | 02:3e:d3:d5:ac:89 |
[   30.297157] cloud-init[953]: ci-info: +--------+------+----------------------------+---------------+-------+-------------------+
[   30.304152] cloud-init[953]: ci-info: +++++++++++++++++++++++++++Route IPv4 info++++++++++++++++++++++++++++
[   30.310638] cloud-init[953]: ci-info: +-------+-------------+----------+---------------+-----------+-------+
[   30.317287] cloud-init[953]: ci-info: | Route | Destination | Gateway  |    Genmask    | Interface | Flags |
[   30.323482] cloud-init[953]: ci-info: +-------+-------------+----------+---------------+-----------+-------+
[   30.329962] cloud-init[953]: ci-info: |   0   |   0.0.0.0   | 10.0.2.2 |    0.0.0.0    |   enp0s3  |   UG  |
[   30.336332] cloud-init[953]: ci-info: |   1   |   10.0.2.0  | 0.0.0.0  | 255.255.255.0 |   enp0s3  |   U   |
[   30.342349] cloud-init[953]: ci-info: +-------+-------------+----------+---------------+-----------+-------+
[[0;32m  OK  [0m] Started Initial cloud-init job (metadata service crawler).
[[0;32m  OK  [0m] Reached target Network is Online.
         Starting iSCSI initiator daemon (iscsid)...
[[0;32m  OK  [0m] Reached target Cloud-config availability.
[[0;32m  OK  [0m] Reached target System Initialization.
[[0;32m  OK  [0m] Started ACPI Events Check.
[[0;32m  OK  [0m] Reached target Paths.
[[0;32m  OK  [0m] Started Daily apt activities.
[[0;32m  OK  [0m] Listening on UUID daemon activation socket.
         Starting LXD - unix socket.
[[0;32m  OK  [0m] Started Daily Cleanup of Temporary Directories.
[[0;32m  OK  [0m] Listening on ACPID Listen Socket.
[[0;32m  OK  [0m] Started Timer to automatically refresh installed snaps.
[[0;32m  OK  [0m] Reached target Timers.
[[0;32m  OK  [0m] Listening on D-Bus System Message Bus Socket.
         Starting Socket activation for snappy daemon.
[[0;32m  OK  [0m] Listening on LXD - unix socket.
[[0;32m  OK  [0m] Listening on Socket activation for snappy daemon.
[[0;32m  OK  [0m] Started iSCSI initiator daemon (iscsid).
         Starting Login to default iSCSI targets...
[[0;32m  OK  [0m] Reached target Sockets.
[[0;32m  OK  [0m] Reached target Basic System.
         Starting PostgreSQL Cluster 9.5-main...
         Starting Accounts Service...
         Starting LSB: Record successful boot for GRUB...
[[0;32m  OK  [0m] Started FUSE filesystem for LXC.
[[0;32m  OK  [0m] Started Deferred execution scheduler.
[[0;32m  OK  [0m] Started D-Bus System Message Bus.
         Starting Daily apt activities...
         Starting Login Service...
         Starting OpenBSD Secure Shell server...
         Starting Apply the settings specified in cloud-config...
         Starting /etc/rc.local Compatibility...
[[0;32m  OK  [0m] Started Unattended Upgrades Shutdown.
[[0;32m  OK  [0m] Started Regular background program processing daemon.
[[0;32m  OK  [0m] Started Snappy daemon.
         Starting Auto import assertions from block devices...
         Starting System Logging Service...
         Starting LSB: MD monitoring daemon...
[[0;32m  OK  [0m] Started ACPI event daemon.
         Starting LXD - container startup/shutdown...
[[0;32m  OK  [0m] Started /etc/rc.local Compatibility.
[[0;32m  OK  [0m] Started Auto import assertions from block devices.
[[0;32m  OK  [0m] Started LSB: Record successful boot for GRUB.
[[0;32m  OK  [0m] Started Login to default iSCSI targets.
[[0;32m  OK  [0m] Started Login Service.
[[0;32m  OK  [0m] Reached target Remote File Systems (Pre).
[[0;32m  OK  [0m] Reached target Remote File Systems.
         Starting LSB: automatic crash report generation...
         Starting Permit User Sessions...
         Starting LSB: VirtualBox Linux Additions...
         Starting LSB: daemon to balance interrupts for SMP systems...
         Starting LSB: Start/stop sysstat's sadc...
         Starting LSB: Set the CPU Frequency Scaling governor to "ondemand"...
         Starting Authenticate and Authorize Users to Run Privileged Tasks...
[[0;32m  OK  [0m] Started Permit User Sessions.
[[0;32m  OK  [0m] Started LSB: Set the CPU Frequency Scaling governor to "ondemand".
         Starting Terminate Plymouth Boot Screen...
         Starting Hold until boot process finishes up...
[[0;32m  OK  [0m] Started LSB: Start/stop sysstat's sadc.
[[0;32m  OK  [0m] Started Terminate Plymouth Boot Screen.
[[0;32m  OK  [0m] Started Hold until boot process finishes up.
[[0;32m  OK  [0m] Started LSB: MD monitoring daemon.
[[0;32m  OK  [0m] Started Serial Getty on ttyS0.
[[0;32m  OK  [0m] Started Getty on tty1.
[[0;32m  OK  [0m] Reached target Login Prompts.
         Starting Set console scheme...
[[0;32m  OK  [0m] Started OpenBSD Secure Shell server.
[[0;32m  OK  [0m] Started LSB: automatic crash report generation.
[[0;32m  OK  [0m] Started LSB: daemon to balance interrupts for SMP systems.
[[0;32m  OK  [0m] Started System Logging Service.
[[0;32m  OK  [0m] Started Set console scheme.
[[0;32m  OK  [0m] Started Authenticate and Authorize Users to Run Privileged Tasks.
[[0;32m  OK  [0m] Started Accounts Service.
[   34.306538] cloud-init[1050]: Cloud-init v. 0.7.9 running 'modules:config' at Thu, 06 Jul 2017 13:11:17 +0000. Up 33.36 seconds.
[[0;32m  OK  [0m] Started LSB: VirtualBox Linux Additions.
[[0;32m  OK  [0m] Started Apply the settings specified in cloud-config.
[[0;32m  OK  [0m] Started LXD - container startup/shutdown.
[[0;32m  OK  [0m] Created slice User Slice of ubuntu.
         Starting User Manager for UID 1000...
[[0;32m  OK  [0m] Started Session 1 of user ubuntu.
[[0;32m  OK  [0m] Started User Manager for UID 1000.

Ubuntu 16.04.2 LTS ubuntu-xenial ttyS0

ubuntu-xenial login: [   42.089683] cloud-init[1385]: Cloud-init v. 0.7.9 running 'modules:final' at Thu, 06 Jul 2017 13:11:25 +0000. Up 41.75 seconds.
[   42.090471] cloud-init[1385]: Cloud-init v. 0.7.9 finished at Thu, 06 Jul 2017 13:11:25 +0000. Datasource DataSourceNoCloud [seed=/dev/sdb][dsmode=net].  Up 42.07 seconds
